대상 폴더: C:\EnergyPlusV8-1-0
압축 해제: Addressed_Issues-V8-1-0.html... 100%
압축 해제: Bugreprt.txt... 100%
압축 해제: EP-Launch.exe... 100%
압축 해제: EPMacro.exe... 100%
압축 해제: Energy+.idd... 100%
압축 해제: EnergyPlus.exe... 100%
압축 해제: Enhancement_List_Items-V8-1-0.html... 100%
압축 해제: Epl-run.bat... 100%
압축 해제: ExpandObjects.exe... 100%
압축 해제: Known_Issues-V8-1-0.html... 100%
압축 해제: ObjectStatus.xls... 100%
압축 해제: Rules8-0-0-to-8-1-0.xls... 100%
압축 해제: RunDirMulti.bat... 100%
압축 해제: RunEP.ico... 100%
압축 해제: RunEPlus.bat... 100%
압축 해제: RunReadESO.bat... 100%
압축 해제: Runep.pif... 100%
압축 해제: VariableNameListAudit.xlsx... 100%
압축 해제: bcvtb.dll... 100%
압축 해제: ep.gif
압축 해제: epexpat.dll... 100%
압축 해제: epfmiimport.dll... 100%
압축 해제: readme.html... 100%
대상 폴더: C:\EnergyPlusV8-1-0\DataSets
압축 해제: ASHRAE_2005_HOF_Materials.idf... 100%
압축 해제: AirCooledChiller.idf... 100%
압축 해제: Boilers.idf... 100%
압축 해제: California_Title_24-2008.idf... 100%
압축 해제: Chillers.idf... 100%
압축 해제: CompositeWallConstructions.idf... 100%
압축 해제: DXCoolingCoil.idf... 100%
압축 해제: ElectricGenerators.idf... 100%
압축 해제: ElectricityUSAEnvironmentalImpactFactors.idf... 100%
압축 해제: ElectronicEnthalpyEconomizerCurves.idf... 100%
압축 해제: ExhaustFiredChiller.idf... 100%
압축 해제: FluidPropertiesRefData.idf... 100%
압축 해제: FossilFuelEnvironmentalImpactFactors.idf... 100%
압축 해제: GLHERefData.idf... 100%
압축 해제: GlycolPropertiesRefData.idf... 100%
압축 해제: LCCusePriceEscalationDataSet2010.idf... 100%
압축 해제: LCCusePriceEscalationDataSet2011.idf... 100%
압축 해제: LCCusePriceEscalationDataSet2012.idf... 100%
압축 해제: MoistureMaterials.idf... 100%
압축 해제: PerfCurves.idf... 100%
압축 해제: PrecipitationSchedulesUSA.idf... 100%
압축 해제: RefrigerationCasesDataSet.idf... 100%
압축 해제: RefrigerationCompressorCurves.idf... 100%
압축 해제: ResidentialACsAndHPsPerfCurves.idf... 100%
압축 해제: RooftopPackagedHeatPump.idf... 100%
압축 해제: SandiaPVdata.idf... 100%
압축 해제: Schedules.idf... 100%
압축 해제: SolarCollectors.idf... 100%
압축 해제: StandardReports.idf... 100%
압축 해제: SurfaceColorSchemes.idf... 100%
압축 해제: USHolidays-DST.idf... 100%
압축 해제: Window5DataFile.dat... 100%
압축 해제: WindowBlindMaterials.idf... 100%
압축 해제: WindowConstructs.idf... 100%
압축 해제: WindowGasMaterials.idf... 100%
압축 해제: WindowGlassMaterials.idf... 100%
압축 해제: WindowScreenMaterials.idf... 100%
압축 해제: WindowShadeMaterials.idf... 100%
대상 폴더: C:\EnergyPlusV8-1-0\DataSets\FMUs
압축 해제: MoistAir.fmu
압축 해제: ShadingController.fmu
대상 폴더: C:\EnergyPlusV8-1-0\DataSets\TDV
압축 해제: TDV_read_me.txt... 100%
대상 폴더: C:\EnergyPlusV8-1-0\Documentation
압축 해제: Acknowledgments.pdf... 100%
압축 해제: AuxiliaryPrograms.pdf... 100%
압축 해제: EMS_Application_Guide.pdf... 100%
압축 해제: EPlusMainMenu.pdf... 100%
압축 해제: EngineeringReference.pdf... 100%
압축 해제: ExternalInterfaces_Application_Guide.pdf... 100%
압축 해제: GettingStarted.pdf... 100%
압축 해제: InputOutputReference.pdf... 100%
압축 해제: InterfaceDeveloper.pdf... 100%
압축 해제: ModuleDeveloper.pdf... 100%
압축 해제: OutputDetailsAndExamples.pdf... 100%
압축 해제: PlantApplicationGuide.pdf... 100%
압축 해제: ProgrammingStandard.pdf... 100%
압축 해제: Tips_and_Tricks_Using_EnergyPlus.pdf... 100%
압축 해제: Using_EnergyPlus_for_Compliance.pdf... 100%
압축 해제: appguidemenu.pdf... 100%
압축 해제: devguidemenu.pdf... 100%
압축 해제: index.pdx... 100%
대상 폴더: C:\EnergyPlusV8-1-0\Documentation\index
압축 해제: index.idx... 100%
압축 해제: index1.idx... 100%
대상 폴더: C:\EnergyPlusV8-1-0\ExampleFiles
압축 해제: 1ZoneEvapCooler.idf... 100%
압축 해제: 1ZoneParameterAspect.idf... 100%
압축 해제: 1ZoneUncontrolled.idf... 100%
압축 해제: 1ZoneUncontrolled.rvi... 100%
압축 해제: 1ZoneUncontrolledCondFDWithVariableKat24C.idf... 100%
압축 해제: 1ZoneUncontrolledCondFDWithVariableKat24C.rvi... 100%
압축 해제: 1ZoneUncontrolledFourAlgorithms.idf... 100%
압축 해제: 1ZoneUncontrolledResLayers.idf... 100%
압축 해제: 1ZoneUncontrolled_DD2009.idf... 100%
압축 해제: 1ZoneUncontrolled_DDChanges.idf... 100%
압축 해제: 1ZoneUncontrolled_DDChanges.rvi... 100%
압축 해제: 1ZoneUncontrolled_FCfactor_Slab_UGWall.idf... 100%
압축 해제: 1ZoneUncontrolled_win_1.idf... 100%
압축 해제: 1ZoneUncontrolled_win_1.rvi... 100%
압축 해제: 1ZoneUncontrolled_win_2.idf... 100%
압축 해제: 1ZoneUncontrolled_win_2.rvi... 100%
압축 해제: 1ZoneWith14ControlledHeat-CoolPanels.idf... 100%
압축 해제: 4ZoneWithShading_Simple_1.idf... 100%
압축 해제: 4ZoneWithShading_Simple_2.idf... 100%
압축 해제: 5ZoneAirCooled.idf... 100%
압축 해제: 5ZoneAirCooled.rvi... 100%
압축 해제: 5ZoneAirCooledConvCoef.idf... 100%
압축 해제: 5ZoneAirCooledConvCoef.rvi... 100%
압축 해제: 5ZoneAirCooledConvCoefPIU.idf... 100%
압축 해제: 5ZoneAirCooledDemandLimiting.idf... 100%
압축 해제: 5ZoneAirCooledWithSlab.idf... 100%
압축 해제: 5ZoneAirCooled_UniformLoading.idf... 100%
압축 해제: 5ZoneAirCooled_VRPSizing.idf... 100%
압축 해제: 5ZoneAirCooled_VRPSizing_MaxZd.idf... 100%
압축 해제: 5ZoneAutoDXVAV.idf... 100%
압축 해제: 5ZoneAutoDXVAV.rvi... 100%
압축 해제: 5ZoneBoilerOutsideAirReset.idf... 100%
압축 해제: 5ZoneBranchSupplyPumps.idf... 100%
압축 해제: 5ZoneCAV_MaxTemp.idf... 100%
압축 해제: 5ZoneCAVtoVAVWarmestTempFlow.idf... 100%
압축 해제: 5ZoneCoolBeam.idf... 100%
압축 해제: 5ZoneCostEst.idf... 100%
압축 해제: 5ZoneDDCycOnAny.idf... 100%
압축 해제: 5ZoneDDCycOnAny.rvi... 100%
압축 해제: 5ZoneDDCycOnOne.idf... 100%
압축 해제: 5ZoneDDCycOnOne.rvi... 100%
압축 해제: 5ZoneDesignInputCoolingCoil.idf... 100%
압축 해제: 5ZoneDetailedIceStorage.idf... 100%
압축 해제: 5ZoneDetailedIceStorage.rvi... 100%
압축 해제: 5ZoneDetailedIceStorage2.idf... 100%
압축 해제: 5ZoneDetailedIceStorage2.rvi... 100%
압축 해제: 5ZoneEconomicsTariffAndLifeCycleCosts.idf... 100%
압축 해제: 5ZoneElectricBaseboard.idf... 100%
압축 해제: 5ZoneEndUses.idf... 100%
압축 해제: 5ZoneEngChill.idf... 100%
압축 해제: 5ZoneEngChill.rvi... 100%
압축 해제: 5ZoneFPIU.idf... 100%
압축 해제: 5ZoneGeometryTransform.idf... 100%
압축 해제: 5ZoneIceStorage.idf... 100%
압축 해제: 5ZoneIceStorage.rvi... 100%
압축 해제: 5ZoneNightVent1.idf... 100%
압축 해제: 5ZoneNightVent2.idf... 100%
압축 해제: 5ZoneNightVent3.idf... 100%
압축 해제: 5ZoneReturnFan.idf... 100%
압축 해제: 5ZoneReturnFan.rvi... 100%
압축 해제: 5ZoneSteamBaseboard.idf... 100%
압축 해제: 5ZoneSupRetPlenRAB.idf... 100%
압축 해제: 5ZoneSupRetPlenVSATU.idf... 100%
압축 해제: 5ZoneSupRetPlenVSATU.rvi... 100%
압축 해제: 5ZoneTDV.idf... 100%
압축 해제: 5ZoneVAV-ChilledWaterStorage-Mixed.idf... 100%
압축 해제: 5ZoneVAV-ChilledWaterStorage-Mixed_DCV_MaxZd.idf... 100%
압축 해제: 5ZoneVAV-ChilledWaterStorage-Mixed_DCV_MultiPath.idf... 100%
압축 해제: 5ZoneVAV-ChilledWaterStorage-Stratified.idf... 100%
압축 해제: 5ZoneVAV-Pri-SecLoop.idf... 100%
압축 해제: 5ZoneVAV-Pri-SecLoop.mvi... 100%
압축 해제: 5ZoneVAV-Pri-SecLoop.rvi... 100%
압축 해제: 5ZoneWLHPPlantLoopTower.idf... 100%
압축 해제: 5ZoneWarmest.idf... 100%
압축 해제: 5ZoneWarmest.rvi... 100%
압축 해제: 5ZoneWarmestVFD.idf... 100%
압축 해제: 5ZoneWarmestVFD_FCMAuto.idf... 100%
압축 해제: 5ZoneWaterCooled_Baseboard.idf... 100%
압축 해제: 5ZoneWaterCooled_HighRHControl.idf... 100%
압축 해제: 5ZoneWaterCooled_HighRHControl.rvi... 100%
압축 해제: 5ZoneWaterCooled_MultizoneAverageRHControl.idf... 100%
압축 해제: 5ZoneWaterCooled_MultizoneMinMaxRHControl.idf... 100%
압축 해제: 5ZoneWaterLoopHeatPump.idf... 100%
압축 해제: 5Zone_Transformer.idf... 100%
압축 해제: 5zoneWaterSystems.idf... 100%
압축 해제: AbsorptionChiller.idf... 100%
압축 해제: AbsorptionChiller.rvi... 100%
압축 해제: AbsorptionChiller_Macro.imf... 100%
압축 해제: ActiveTrombeWall.idf... 100%
압축 해제: ActiveTrombeWall.rvi... 100%
압축 해제: AirCooledElectricChiller.idf... 100%
압축 해제: AirCooledElectricChiller.rvi... 100%
압축 해제: AirEconomizerFaults_RefBldgLargeOfficeNew2004_Chicago.idf... 100%
압축 해제: AirEconomizerWithMaxMinOAFractions.idf... 100%
압축 해제: AirflowNetwork3zVent.idf... 100%
압축 해제: AirflowNetwork3zVent.rvi... 100%
압축 해제: AirflowNetwork3zVentAutoWPC.idf... 100%
압축 해제: AirflowNetwork_MULTIZONE_House_TwoSpeed.idf... 100%
압축 해제: AirflowNetwork_MultiZone_House.idf... 100%
압축 해제: AirflowNetwork_MultiZone_House_OvercoolDehumid.idf... 100%
압축 해제: AirflowNetwork_MultiZone_SmallOffice.idf... 100%
압축 해제: AirflowNetwork_MultiZone_SmallOffice_CoilHXAssistedDX.idf... 100%
압축 해제: AirflowNetwork_MultiZone_SmallOffice_GenericContam.idf... 100%
압축 해제: AirflowNetwork_MultiZone_SmallOffice_HeatRecoveryHXSL.idf... 100%
압축 해제: AirflowNetwork_MultiZone_SmallOffice_VAV.idf... 100%
압축 해제: AirflowNetwork_Multizone_HorizontalOpening.idf... 100%
압축 해제: AirflowNetwork_Simple_House.idf... 100%
압축 해제: AirflowNetwork_Simple_House.rvi... 100%
압축 해제: AirflowNetwork_Simple_SmallOffice.idf... 100%
압축 해제: AirflowNetwork_Simple_SmallOffice.rvi... 100%
압축 해제: AirflowWindowsAndBetweenGlassBlinds.idf... 100%
압축 해제: AirflowWindowsAndBetweenGlassShades.idf... 100%
압축 해제: BaseBoardElectric.idf... 100%
압축 해제: CVRhMinHum.idf... 100%
압축 해제: CVRhMinHum.rvi... 100%
압축 해제: CentralChillerHeaterSystem_Cooling_Heating.idf... 100%
압축 해제: CentralChillerHeaterSystem_Simultaneous_Cooling_Heating.idf... 100%
압축 해제: ChangeoverBypassVAV.idf... 100%
압축 해제: ChangeoverBypassVAV_MaxTemp.idf... 100%
압축 해제: CmplxGlz_Daylighting_SouthVB45deg.idf... 100%
압축 해제: CmplxGlz_MeasuredDeflectionAndShading.idf... 100%
압축 해제: CmplxGlz_SchedSurfGains.idf... 100%
압축 해제: CmplxGlz_SingleZone_Deflection.idf... 100%
압축 해제: CmplxGlz_SingleZone_DoubleClearAir.idf... 100%
압축 해제: CmplxGlz_SingleZone_Vacuum.idf... 100%
압축 해제: CmplxGlz_SmOff_IntExtShading.idf... 100%
압축 해제: CoilWaterDesuperheating.idf... 100%
압축 해제: CommonPipe_Pri-Sec.idf... 100%
압축 해제: CompSetPtControl.idf... 100%
압축 해제: CondFD1ZonePurchAirAutoSizeWithPCM.idf... 100%
압축 해제: CondFD1ZonePurchAirAutoSizeWithPCM.rvi... 100%
압축 해제: Convection.idf... 100%
압축 해제: ConvectionAdaptiveSmallOffice.idf... 100%
압축 해제: CoolingTower.idf... 100%
압축 해제: CoolingTower.rvi... 100%
압축 해제: CoolingTowerDryBulbRangeOp.idf... 100%
압축 해제: CoolingTowerDryBulbRangeOp.rvi... 100%
압축 해제: CoolingTowerNomCap.idf... 100%
압축 해제: CoolingTowerNomCap.rvi... 100%
압축 해제: CoolingTowerRHRangeOp.idf... 100%
압축 해제: CoolingTowerRHRangeOp.rvi... 100%
압축 해제: CoolingTowerWetBulbRangeOp.idf... 100%
압축 해제: CoolingTowerWetBulbRangeOp.rvi... 100%
압축 해제: CoolingTowerWithDBDeltaTempOp.idf... 100%
압축 해제: CoolingTowerWithDBDeltaTempOp.rvi... 100%
압축 해제: CoolingTowerWithWBDeltaTempOp.idf... 100%
압축 해제: CoolingTower_FluidBypass.idf... 100%
압축 해제: CoolingTower_FluidBypass.rvi... 100%
압축 해제: CoolingTower_MerkelVariableSpeed.idf... 100%
압축 해제: CoolingTower_SingleSpeed_MultiCell.idf... 100%
압축 해제: CoolingTower_TwoSpeed.idf... 100%
압축 해제: CoolingTower_TwoSpeed.rvi... 100%
압축 해제: CoolingTower_TwoSpeed_CondEntTempReset.idf... 100%
압축 해제: CoolingTower_TwoSpeed_MultiCell.idf... 100%
압축 해제: CoolingTower_VariableSpeed.idf... 100%
압축 해제: CoolingTower_VariableSpeed_CondEntTempReset.idf... 100%
압축 해제: CoolingTower_VariableSpeed_IdealCondEntTempSetpoint.idf... 100%
압축 해제: CoolingTower_VariableSpeed_MultiCell.idf... 100%
압축 해제: CooltowerSimpleTest.idf... 100%
압축 해제: CooltowerSimpleTestwithVentilation.idf... 100%
압축 해제: CrossVent_1Zone_AirflowNetwork.idf... 100%
압축 해제: CrossVent_1Zone_AirflowNetwork_with2CrossflowJets.idf... 100%
압축 해제: CustomSolarVisibleSpectrum_RefBldgSmallOfficeNew2004_Chicago.idf... 100%
압축 해제: DDAutoSize.idf... 100%
압축 해제: DDAutoSize.rvi... 100%
압축 해제: DElight-Detailed-Comparison.idf... 100%
압축 해제: DElightCFSLightShelf.idf... 100%
압축 해제: DElightCFSWindow.idf... 100%
압축 해제: DOASDXCOIL_wADPBFMethod.idf... 100%
압축 해제: DOASDXCOIL_wADPBFMethod.rvi... 100%
압축 해제: DOASDualDuctSchool.idf... 100%
압축 해제: DOAToFanCoilInlet.idf... 100%
압축 해제: DOAToFanCoilSupply.idf... 100%
압축 해제: DXCoilSystemAuto.idf... 100%
압축 해제: DaylightingDeviceShelf.idf... 100%
압축 해제: DaylightingDeviceShelf.rvi... 100%
압축 해제: DaylightingDeviceTubular.idf... 100%
압축 해제: DaylightingDeviceTubular.rvi... 100%
압축 해제: DesiccantCVRh.idf... 100%
압축 해제: DesiccantCVRh.rvi... 100%
압축 해제: DesiccantCVRhZoneRHCtrl.idf... 100%
압축 해제: DesiccantCVRhZoneRHCtrl.rvi... 100%
압축 해제: DesiccantDehumidifierWithCompanionCoil.idf... 100%
압축 해제: DirectIndirectEvapCoolers.idf... 100%
압축 해제: DirectIndirectEvapCoolersVSAS.idf... 100%
압축 해제: DisplacementVent_1ZoneOffice.idf... 100%
압축 해제: DisplacementVent_Nat_AirflowNetwork.idf... 100%
압축 해제: DisplacementVent_Nat_AirflowNetwork_AdaptiveComfort.idf... 100%
압축 해제: DisplacementVent_VAV.idf... 100%
압축 해제: DualDuctConstVolDamper.idf... 100%
압축 해제: DualDuctConstVolDamper.rvi... 100%
압축 해제: DualDuctConstVolGasHC.idf... 100%
압축 해제: DualDuctConstVolGasHC.rvi... 100%
압축 해제: DualDuctVarVolDamper.idf... 100%
압축 해제: DualDuctVarVolDamper.rvi... 100%
압축 해제: DualDuctWaterCoils.idf... 100%
압축 해제: DualDuctWaterCoils.rvi... 100%
압축 해제: DynamicClothing.idf... 100%
압축 해제: EMPD5ZoneWaterCooled_HighRHControl.idf... 100%
압축 해제: EMSAirflowNetworkOpeningControlByHumidity.idf... 100%
압축 해제: EMSConstantVolumePurchasedAir.idf... 100%
압축 해제: EMSCurveOverride_PackagedTerminalHeatPump.idf... 100%
압축 해제: EMSCustomOutputVariable.idf... 100%
압축 해제: EMSCustomSchedule.idf... 100%
압축 해제: EMSDemandManager_LargeOffice.idf... 100%
압축 해제: EMSDiscreteAirSystemSizes.idf... 100%
압축 해제: EMSPlantLoopOverrideControl.idf... 100%
압축 해제: EMSPlantOperation_largeOff.idf... 100%
압축 해제: EMSReplaceTraditionalManagers_LargeOffice.idf... 100%
압축 해제: EMSTestMathAndKill.idf... 100%
압축 해제: EMSThermochromicWindow.idf... 100%
압축 해제: EMSUserDefined5ZoneAirCooled.idf... 100%
압축 해제: EMSUserDefinedWindACAuto.idf... 100%
압축 해제: EMSWindowShadeControl.idf... 100%
압축 해제: EarthTubeSimpleTest.idf... 100%
압축 해제: EarthTubeSimpleTest.rvi... 100%
압축 해제: EcoroofOrlando.idf... 100%
압축 해제: ElectricChiller.idf... 100%
압축 해제: ElectricChiller.rvi... 100%
압축 해제: ElectricEIRChiller.idf... 100%
압축 해제: EngineChiller.idf... 100%
압축 해제: EngineChiller.rvi... 100%
압축 해제: EquivalentLayerWindow.idf... 100%
압축 해제: EvaporativeFluidCooler.idf... 100%
압축 해제: EvaporativeFluidCooler.rvi... 100%
압축 해제: EvaporativeFluidCooler_TwoSpeed.idf... 100%
압축 해제: ExampleFiles-ObjectsLink.xls... 100%
압축 해제: ExampleFiles.xls... 100%
압축 해제: ExampleFilesDoc.txt... 100%
압축 해제: ExhFiredAbsorptionChiller.idf... 100%
압축 해제: ExteriorLightsAndEq.idf... 100%
압축 해제: FanCoilAutoSize.idf... 100%
압축 해제: FanCoilAutoSize.rvi... 100%
압축 해제: FanCoil_HybridVent_VentSch.idf... 100%
압축 해제: Flr_Rf_8Sides.idf... 100%
압축 해제: FluidCooler.idf... 100%
압축 해제: FluidCooler.rvi... 100%
압축 해제: FluidCoolerTwoSpeed.idf... 100%
압축 해제: FreeCoolingChiller.idf... 100%
압축 해제: Furnace.idf... 100%
압축 해제: Furnace.rvi... 100%
압축 해제: FurnacePLRHeatingCoil.idf... 100%
압축 해제: FurnaceWithDXSystem.idf... 100%
압축 해제: FurnaceWithDXSystem.rvi... 100%
압축 해제: FurnaceWithDXSystemComfortControl.idf... 100%
압축 해제: FurnaceWithDXSystemRHcontrol.idf... 100%
압축 해제: FurnaceWithDXSystemRHcontrol_cyclingfan.idf... 100%
압축 해제: FurnaceWithDXSystem_CoolingHXAssisted.idf... 100%
압축 해제: FurnaceWithDXSystem_CoolingHXAssisted.rvi... 100%
압축 해제: GSHP-GLHE.idf... 100%
압축 해제: GSHP-GLHE.rvi... 100%
압축 해제: GSHPSimple-GLHE.idf... 100%
압축 해제: GSHPSimple-GLHE.rvi... 100%
압축 해제: GasTurbChiller.idf... 100%
압축 해제: GasTurbChiller.rvi... 100%
압축 해제: Generators.idf... 100%
압축 해제: Generators.rvi... 100%
압축 해제: Generators_Transformer.idf... 100%
압축 해제: GeneratorswithPV.idf... 100%
압축 해제: GeneratorwithWindTurbine.idf... 100%
압축 해제: GeometryTest.idf... 100%
압축 해제: GeometryTest.rvi... 100%
압축 해제: GroundTempOSCCompactSched.idf... 100%
압축 해제: HAMT_DailyProfileReport.idf... 100%
압축 해제: HAMT_HourlyProfileReport.idf... 100%
압축 해제: HPAirToAir_wSolarCollectorHWCoil.idf... 100%
압축 해제: HP_wICSSolarCollector.idf... 100%
압축 해제: HVAC3Zone-IntGains-Def.imf... 100%
압축 해제: HVAC3ZoneChillerSpec.imf... 100%
압축 해제: HVAC3ZoneGeometry.imf... 100%
압축 해제: HVAC3ZoneMat-Const.imf... 100%
압축 해제: HVACStandAloneERV_Economizer.idf... 100%
압축 해제: HVACStandAloneERV_Economizer.rvi... 100%
압축 해제: HVACTemplate-5ZoneBaseboardHeat.idf... 100%
압축 해제: HVACTemplate-5ZoneBaseboardHeat.rvi... 100%
압축 해제: HVACTemplate-5ZoneConstantVolumeChillerBoiler.idf... 100%
압축 해제: HVACTemplate-5ZoneConstantVolumeChillerBoiler.mvi... 100%
압축 해제: HVACTemplate-5ZoneConstantVolumeChillerBoiler.rvi... 100%
압축 해제: HVACTemplate-5ZoneDualDuct.idf... 100%
압축 해제: HVACTemplate-5ZoneDualDuct.rvi... 100%
압축 해제: HVACTemplate-5ZoneFanCoil-DOAS.idf... 100%
압축 해제: HVACTemplate-5ZoneFanCoil.idf... 100%
압축 해제: HVACTemplate-5ZoneFanCoil.mvi... 100%
압축 해제: HVACTemplate-5ZoneFanCoil.rvi... 100%
압축 해제: HVACTemplate-5ZoneFurnaceDX.idf... 100%
압축 해제: HVACTemplate-5ZoneFurnaceDX.mvi... 100%
압축 해제: HVACTemplate-5ZoneFurnaceDX.rvi... 100%
압축 해제: HVACTemplate-5ZonePTAC-DOAS.idf... 100%
압축 해제: HVACTemplate-5ZonePTAC.idf... 100%
압축 해제: HVACTemplate-5ZonePTHP.idf... 100%
압축 해제: HVACTemplate-5ZonePackagedVAV.idf... 100%
압축 해제: HVACTemplate-5ZonePurchAir.idf... 100%
압축 해제: HVACTemplate-5ZonePurchAir.mvi... 100%
압축 해제: HVACTemplate-5ZonePurchAir.rvi... 100%
압축 해제: HVACTemplate-5ZoneUnitaryHeatPump.idf... 100%
압축 해제: HVACTemplate-5ZoneUnitarySystem.idf... 100%
압축 해제: HVACTemplate-5ZoneUnitarySystem.mvi... 100%
압축 해제: HVACTemplate-5ZoneUnitarySystem.rvi... 100%
압축 해제: HVACTemplate-5ZoneVAVFanPowered.idf... 100%
압축 해제: HVACTemplate-5ZoneVAVFanPowered.mvi... 100%
압축 해제: HVACTemplate-5ZoneVAVFanPowered.rvi... 100%
압축 해제: HVACTemplate-5ZoneVAVWaterCooled-ObjectReference.idf... 100%
압축 해제: HVACTemplate-5ZoneVAVWaterCooled-ObjectReference.mvi... 100%
압축 해제: HVACTemplate-5ZoneVAVWaterCooled-ObjectReference.rvi... 100%
압축 해제: HVACTemplate-5ZoneVAVWaterCooled.idf... 100%
압축 해제: HVACTemplate-5ZoneVAVWaterCooled.mvi... 100%
압축 해제: HVACTemplate-5ZoneVAVWaterCooled.rvi... 100%
압축 해제: HVACTemplate-5ZoneVRF.idf... 100%
압축 해제: HVACTemplate-5ZoneVRF.rvi... 100%
압축 해제: HVACTemplate-5ZoneWaterToAirHeatPumpTowerBoiler.idf... 100%
압축 해제: HeaderedPumpsConSpeed.idf... 100%
압축 해제: HeaderedPumpsVarSpeed.idf... 100%
압축 해제: HeatPump.idf... 100%
압축 해제: HeatPump.rvi... 100%
압축 해제: HeatPumpAirToAirWithRHcontrol.idf... 100%
압축 해제: HeatPumpAuto.idf... 100%
압축 해제: HeatPumpAuto.rvi... 100%
압축 해제: HeatPumpCycFanWithEcono.idf... 100%
압축 해제: HeatPumpCycFanWithEcono.rvi... 100%
압축 해제: HeatPumpIAQP_DCV.idf... 100%
압축 해제: HeatPumpIAQP_GenericContamControl.idf... 100%
압축 해제: HeatPumpProportionalControl_DCV.idf... 100%
압축 해제: HeatPumpSimpleDCV.idf... 100%
압축 해제: HeatPumpSimpleDCV.rvi... 100%
압축 해제: HeatPumpVRP_DCV.idf... 100%
압축 해제: HeatPumpVSAS.idf... 100%
압축 해제: HeatPumpWaterHeater.idf... 100%
압축 해제: HeatPumpWaterHeater.rvi... 100%
압축 해제: HeatPumpWaterToAir.idf... 100%
압축 해제: HeatPumpWaterToAirEquationFit.idf... 100%
압축 해제: HeatPumpWaterToAirWithAntifreezeAndLatentModel.idf... 100%
압축 해제: HeatPumpWaterToAirWithAntifreezeAndLatentModel2.idf... 100%
압축 해제: HeatPumpWaterToAirWithRHControl.idf... 100%
압축 해제: HeatPumpwithBiquadraticCurves.idf... 100%
압축 해제: HeatRecoveryElectricChiller.idf... 100%
압축 해제: HeatRecoveryPlantLoop.idf... 100%
압축 해제: HeatRecoverywithStorageTank.idf... 100%
압축 해제: HospitalBaseline.idf... 100%
압축 해제: HospitalBaselineReheatReportEMS.idf... 100%
압축 해제: HospitalLowEnergy.idf... 100%
압축 해제: HybridVentilationControl.idf... 100%
압축 해제: HybridVentilationControlGlobalSimple.idf... 100%
압축 해제: IceStorage-Parallel.idf... 100%
압축 해제: IceStorage-Series-ChillerDownstream.idf... 100%
압축 해제: IceStorage-Series-ChillerUpstream.idf... 100%
압축 해제: IndEvapCoolerRTUoffice.idf... 100%
압축 해제: IndirectAbsorptionChiller.idf... 100%
압축 해제: LBuilding-G000.idf... 100%
압축 해제: LBuilding-G090.idf... 100%
압축 해제: LBuilding-G180.idf... 100%
압축 해제: LBuilding-G270.idf... 100%
압축 해제: LBuildingAppGRotPar.idf... 100%
압축 해제: LgOffVAV.idf... 100%
압축 해제: LgOffVAV.rvi... 100%
압축 해제: LgOffVAVusingBasement.idf... 100%
압축 해제: LookupTables.idf... 100%
압축 해제: MicroCogeneration.idf... 100%
압축 해제: Minimal.idf... 100%
압축 해제: MovableExtInsulationSimple.idf... 100%
압축 해제: MovableExtInsulationSimple.rvi... 100%
압축 해제: MovableIntInsulationSimple.idf... 100%
압축 해제: MovableIntInsulationSimple.rvi... 100%
압축 해제: MultiSpeedACFurnace.idf... 100%
압축 해제: MultiSpeedHP_StagedThermostat.idf... 100%
압축 해제: MultiStory.idf... 100%
압축 해제: MultiStory.rvi... 100%
압축 해제: MultispeedHeatPump.idf... 100%
압축 해제: Mundt_System_Always_On.idf... 100%
압축 해제: Mundt_System_On_During_the_Day.idf... 100%
압축 해제: OptimalStart_RefBldgLargeOfficeNew2004_Chicago.idf... 100%
압축 해제: OutdoorAirUnit.idf... 100%
압축 해제: OutdoorAirUnitwithAirloopHVAC.idf... 100%
압축 해제: PIUAuto.idf... 100%
압축 해제: PIUAuto.rvi... 100%
압축 해제: PackagedTerminalAirConditioner.idf... 100%
압축 해제: PackagedTerminalAirConditionerVSAS.idf... 100%
압축 해제: PackagedTerminalHeatPump.idf... 100%
압축 해제: PackagedTerminalHeatPumpVSAS.idf... 100%
압축 해제: ParametricInsulation-5ZoneAirCooled.idf... 100%
압축 해제: PassiveTrombeWall.idf... 100%
압축 해제: PassiveTrombeWall.rvi... 100%
압축 해제: PipeHeatTransfer_Outair.idf... 100%
압축 해제: PipeHeatTransfer_Outair.rvi... 100%
압축 해제: PipeHeatTransfer_Schedule.idf... 100%
압축 해제: PipeHeatTransfer_Schedule.rvi... 100%
압축 해제: PipeHeatTransfer_Underground.idf... 100%
압축 해제: PipeHeatTransfer_Underground.rvi... 100%
압축 해제: PipeHeatTransfer_Zone.idf... 100%
압축 해제: PipeHeatTransfer_Zone.rvi... 100%
압축 해제: PipingSystem_Underground_FHX.idf... 100%
압축 해제: PipingSystem_Underground_TwoPipe.idf... 100%
압축 해제: PlantApplicationsGuide_Example1.idf... 100%
압축 해제: PlantApplicationsGuide_Example2.idf... 100%
압축 해제: PlantApplicationsGuide_Example3.idf... 100%
압축 해제: PlantComponentTemperatureSource.idf... 100%
압축 해제: PlantHorizontalGroundHX.idf... 100%
압축 해제: PlantLoadProfile.idf... 100%
압축 해제: PlantLoadProfile.rvi... 100%
압축 해제: PlantLoopChainCooling.idf... 100%
압축 해제: PlantLoopChainDeadband.idf... 100%
압축 해제: PlantLoopChainDualDeadband.idf... 100%
압축 해제: PlantLoopChainHeating.idf... 100%
압축 해제: PlantPressureDrop.idf... 100%
압축 해제: PlantPressure_PumpCurve.idf... 100%
압축 해제: PlantPressure_VFD_Scheduled.idf... 100%
압축 해제: PlateHeatExchanger.idf... 100%
압축 해제: PlateHeatExchanger.rvi... 100%
압축 해제: Plenum.idf... 100%
압축 해제: Plenum.rvi... 100%
압축 해제: PlenumwithRetAirHeatGain.idf... 100%
압축 해제: PlenumwithRetAirHeatGain.rvi... 100%
압축 해제: PondGroundHeatExchanger.idf... 100%
압축 해제: PurchAirTables.idf... 100%
압축 해제: PurchAirTables_SQL.idf... 100%
압축 해제: PurchAirWindowBlind.idf... 100%
압축 해제: PurchAirWindowBlind_BlockBeamSolar.idf... 100%
압축 해제: PurchAirWithDaylighting.idf... 100%
압축 해제: PurchAirWithDaylighting.rvi... 100%
압축 해제: PurchAirWithDaylightingAngleFac.idf... 100%
압축 해제: PurchAirWithDaylightingAngleFac.rvi... 100%
압축 해제: PurchAirWithDoubleFacadeDaylighting.idf... 100%
압축 해제: QTFtest.idf... 100%
압축 해제: QTFtest.rvi... 100%
압축 해제: RadHiTempElecTermReheat.idf... 100%
압축 해제: RadHiTempElecTermReheat.rvi... 100%
압축 해제: RadHiTempGasCtrlOpt.idf... 100%
압축 해제: RadHiTempGasCtrlOpt.rvi... 100%
압축 해제: RadHiTempGasTermReheat.idf... 100%
압축 해제: RadHiTempGasTermReheat.rvi... 100%
압축 해제: RadLoHydrHeatCoolAuto.idf... 100%
압축 해제: RadLoHydrHeatCoolAuto.rvi... 100%
압축 해제: RadLoHydrHeatCoolAutoCondFD.idf... 100%
압축 해제: RadLoHydrHeatCoolAutoCondFD.rvi... 100%
압축 해제: RadLoTempCFloHeatCool.idf... 100%
압축 해제: RadLoTempCFloHeatCool.rvi... 100%
압축 해제: RadLoTempCFloHeatCoolCondFD.idf... 100%
압축 해제: RadLoTempCFloTermReheat.idf... 100%
압축 해제: RadLoTempCFloTermReheat.rvi... 100%
압축 해제: RadLoTempElecTermReheat.idf... 100%
압축 해제: RadLoTempElecTermReheat.rvi... 100%
압축 해제: RadLoTempElecTermReheatCondFD.idf... 100%
압축 해제: RadLoTempHydrCoolTower.idf... 100%
압축 해제: RadLoTempHydrCoolTower.rvi... 100%
압축 해제: RadLoTempHydrCoolTowerCondFD.idf... 100%
압축 해제: RadLoTempHydrCtrlOpt.idf... 100%
압축 해제: RadLoTempHydrCtrlOpt.rvi... 100%
압축 해제: RadLoTempHydrCtrlOpt2.idf... 100%
압축 해제: RadLoTempHydrCtrlOpt2.rvi... 100%
압축 해제: RadLoTempHydrHeatCool.idf... 100%
압축 해제: RadLoTempHydrHeatCool.rvi... 100%
압축 해제: RadLoTempHydrHeatCool2D.idf... 100%
압축 해제: RadLoTempHydrHeatCool2D.rvi... 100%
압축 해제: RadLoTempHydrHeatCoolDry.idf... 100%
압축 해제: RadLoTempHydrHeatCoolDry.rvi... 100%
압축 해제: RadLoTempHydrHeatCoolDryCondFD.idf... 100%
압축 해제: RadLoTempHydrInterMulti.idf... 100%
압축 해제: RadLoTempHydrInterMulti.rvi... 100%
압축 해제: RadLoTempHydrMulti10.idf... 100%
압축 해제: RadLoTempHydrMulti10.rvi... 100%
압축 해제: RadLoTempHydrTermReheat.idf... 100%
압축 해제: RadLoTempHydrTermReheat.rvi... 100%
압축 해제: RefBldgFullServiceRestaurantNew2004_Chicago.idf... 100%
압축 해제: RefBldgHospitalNew2004_Chicago.idf... 100%
압축 해제: RefBldgLargeHotelNew2004_Chicago.idf... 100%
압축 해제: RefBldgLargeOfficeNew2004_Chicago.idf... 100%
압축 해제: RefBldgMediumOfficeNew2004_Chicago.idf... 100%
압축 해제: RefBldgMidriseApartmentNew2004_Chicago.idf... 100%
압축 해제: RefBldgOutPatientNew2004_Chicago.idf... 100%
압축 해제: RefBldgPrimarySchoolNew2004_Chicago.idf... 100%
압축 해제: RefBldgQuickServiceRestaurantNew2004_Chicago.idf... 100%
압축 해제: RefBldgSecondarySchoolNew2004_Chicago.idf... 100%
압축 해제: RefBldgSmallHotelNew2004_Chicago.idf... 100%
압축 해제: RefBldgSmallOfficeNew2004_Chicago.idf... 100%
압축 해제: RefBldgStand-aloneRetailNew2004_Chicago.idf... 100%
압축 해제: RefBldgStripMallNew2004_Chicago.idf... 100%
압축 해제: RefBldgSuperMarketNew2004_Chicago.idf... 100%
압축 해제: RefBldgWarehouseNew2004_Chicago.idf... 100%
압축 해제: ReflectiveAdjacentBuilding.idf... 100%
압축 해제: RefrigeratedWarehouse.idf... 100%
압축 해제: RefrigeratedWarehouse.rvi... 100%
압축 해제: ReliefIndEvapCoolerRTUoffice.idf... 100%
압축 해제: ReportDaylightFactors.idf... 100%
압축 해제: RetailPackagedTESCoil.idf... 100%
압축 해제: SeriesActiveBranch.idf... 100%
압축 해제: ShopWithPVandBattery.idf... 100%
압축 해제: ShopWithPVandStorage.idf... 100%
압축 해제: ShopWithSimplePVT.idf... 100%
압축 해제: SingleFamilyHouse_TwoSpeed_ZoneAirBalance.idf... 100%
압축 해제: SmOffPSZ-MultiModeDX.idf... 100%
압축 해제: SmOffPSZ-MultiModeDX.rvi... 100%
압축 해제: SmOffPSZ.idf... 100%
압축 해제: SmOffPSZ.rvi... 100%
압축 해제: SmOffPSZ_OnOffStagedControl.idf... 100%
압축 해제: SolarCollectorFlatPlateWater.idf... 100%
압축 해제: SolarCollectorFlatPlateWater.rvi... 100%
압축 해제: SolarShadingTest.idf... 100%
압축 해제: SolarShadingTest.rvi... 100%
압축 해제: SolarShadingTest_SQL.idf... 100%
압축 해제: SolarShadingTest_SQL.rvi... 100%
압축 해제: StackedZonesWithInterzoneIRTLayers.idf... 100%
압축 해제: SteamSystemAutoSize.idf... 100%
압축 해제: StormWindow.idf... 100%
압축 해제: StripMallZoneEvapCooler.idf... 100%
압축 해제: SuperMarketDetailed_DesuperHeatingCoil.idf... 100%
압축 해제: SuperMarket_DesuperHeatingCoil.idf... 100%
압축 해제: SuperMarket_DetailedEvapCondenser.idf... 100%
압축 해제: SuperMarket_DetailedWaterCondenser.idf... 100%
압축 해제: SuperMarket_EvapCondenser.idf... 100%
압축 해제: SuperMarket_SharedEvapCondenser.idf... 100%
압축 해제: SuperMarket_WaterCondenser.idf... 100%
압축 해제: Supermarket.idf... 100%
압축 해제: SupermarketSecondary.idf... 100%
압축 해제: SupermarketSecondary.rvi... 100%
압축 해제: SupermarketSubCoolersVariableSuction.idf... 100%
압축 해제: SupermarketTranscriticalCO2.idf... 100%
압축 해제: SupermarketTwoStageFlashIntercooler.idf... 100%
압축 해제: SupermarketTwoStageShellCoilIntercooler.idf... 100%
압축 해제: Supermarket_CascadeCond.idf... 100%
압축 해제: Supermarket_Detailed.idf... 100%
압축 해제: Supermarket_SharedAirCondenser.idf... 100%
압축 해제: SupplyPlenumVAV.idf... 100%
압축 해제: SupplyPlenumVAV.rvi... 100%
압축 해제: SurfaceGroundHeatExchanger.idf... 100%
압축 해제: SurfaceTest.idf... 100%
압축 해제: SurfaceTest.rvi... 100%
압축 해제: TRHConstFlowChillerOneBranch.idf... 100%
압축 해제: TRHConstFlowChillerOneBranch.rvi... 100%
압축 해제: TRHEvapCoolerOAStaged.idf... 100%
압축 해제: TRHEvapCoolerOAStaged.rvi... 100%
압축 해제: TRHEvapCoolerOAStagedWetCoil.idf... 100%
압축 해제: TermRHDXSystem.idf... 100%
압축 해제: TermRHDXSystem.rvi... 100%
압축 해제: TermRHGasElecCoils.idf... 100%
압축 해제: TermRHGasElecCoils.rvi... 100%
압축 해제: TermReheat.idf... 100%
압축 해제: TermReheat.rvi... 100%
압축 해제: TermReheatPri-SecLoop.idf... 100%
압축 해제: TermReheatScheduledPump.idf... 100%
압축 해제: TermReheatSurfTC.idf... 100%
압축 해제: TermReheatSurfTC.rvi... 100%
압축 해제: TermReheatZoneExh.idf... 100%
압축 해제: TermReheatZoneExh.rvi... 100%
압축 해제: TermRhDualSetpointWithDB.idf... 100%
압축 해제: TermRhDualSetpointWithDB.rvi... 100%
압축 해제: TermRhGenericOAHeatRecMinExh.idf... 100%
압축 해제: TermRhGenericOAHeatRecMinExh.rvi... 100%
압축 해제: TermRhGenericOAHeatRecPreheat.idf... 100%
압축 해제: TermRhGenericOAHeatRecPreheat.rvi... 100%
압축 해제: TermRhSingleHeatCoolNoDB.idf... 100%
압축 해제: TermRhSingleHeatCoolNoDB.rvi... 100%
압축 해제: ThermalChimneyTest.idf... 100%
압축 해제: ThermochromicWindow.idf... 100%
압축 해제: TransparentInsulationSimple.idf... 100%
압축 해제: TransparentInsulationSimple.rvi... 100%
압축 해제: TranspiredCollectors.idf... 100%
압축 해제: TwoWayCommonPipe_Pri-Sec.idf... 100%
압축 해제: UnitHeater.idf... 100%
압축 해제: UnitHeater.rvi... 100%
압축 해제: UnitHeaterAuto.idf... 100%
압축 해제: UnitHeaterAuto.rvi... 100%
압축 해제: UnitHeaterGasElec.idf... 100%
압축 해제: UnitHeaterGasElec.rvi... 100%
압축 해제: UnitVent5Zone.idf... 100%
압축 해제: UnitVent5ZoneAuto.idf... 100%
압축 해제: UnitVent5ZoneFixedOANoCoilOpt.idf... 100%
압축 해제: UnitarySystem_5ZoneWaterLoopHeatPump.idf... 100%
압축 해제: UnitarySystem_DXCoilSystemAuto.idf... 100%
압축 해제: UnitarySystem_FurnaceWithDXSystemRHcontrol.idf... 100%
압축 해제: UnitarySystem_HeatPumpAuto.idf... 100%
압축 해제: UnitarySystem_VSHeatPumpWaterToAirEquationFit.idf... 100%
압축 해제: UserDefinedRoomAirPatterns.idf... 100%
압축 해제: UserInputViewFactorFile-LshapedZone.idf... 100%
압축 해제: VAVSingleDuctConstFlowBoiler.idf... 100%
압축 해제: VAVSingleDuctReheat.idf... 100%
압축 해제: VAVSingleDuctReheat.rvi... 100%
압축 해제: VAVSingleDuctReheatBaseboard.idf... 100%
압축 해제: VAVSingleDuctReheatNoReheat.idf... 100%
압축 해제: VAVSingleDuctReheat_DualMax.idf... 100%
압축 해제: VAVSingleDuctReheat_MaxSAT_ReverseActing.idf... 100%
압축 해제: VAVSingleDuctVarFlowBoiler.idf... 100%
압축 해제: VSDXCoilSystemAuto.idf... 100%
압축 해제: VSHeatPumpWaterToAirEquationFit.idf... 100%
압축 해제: VSHeatPumpWaterToAirWithRHControl.idf... 100%
압축 해제: VariableRefrigerantFlow_5Zone.idf... 100%
압축 해제: VentilatedSlab.idf... 100%
압축 해제: VentilatedSlab_SeriesSlabs.idf... 100%
압축 해제: VentilationSimpleTest.idf... 100%
압축 해제: VentilationSimpleTest.rvi... 100%
압축 해제: WaterHeaterDHWPlantLoop.idf... 100%
압축 해제: WaterHeaterHeatPumpStratifiedTank.idf... 100%
압축 해제: WaterHeaterStandAlone.idf... 100%
압축 해제: WaterSideEconomizer_Integrated.idf... 100%
압축 해제: WaterSideEconomizer_NonIntegrated.idf... 100%
압축 해제: WeatherTimeBins.idf... 100%
압축 해제: WindACAuto.idf... 100%
압축 해제: WindACAuto.rvi... 100%
압축 해제: WindACRHControl.idf... 100%
압축 해제: WindACRHControl.rvi... 100%
압축 해제: WindowTests.idf... 100%
압축 해제: WindowTests.rvi... 100%
압축 해제: WindowTestsSimple.idf... 100%
압축 해제: WindowTestsSimple.rvi... 100%
압축 해제: ZoneSysAvailManager.idf... 100%
압축 해제: ZoneVSWSHP_wDOAS.idf... 100%
압축 해제: ZoneWSHP_wDOAS.idf... 100%
압축 해제: gasAbsorptionChillerHeater.idf... 100%
대상 폴더: C:\EnergyPlusV8-1-0\ExampleFiles\AdvancedOutput
압축 해제: ExerciseOutput1 Instructions.pdf... 100%
압축 해제: ExerciseOutput1-CustomCSV.bat... 100%
압축 해제: ExerciseOutput1-EquipmentConsumption.rvi... 100%
압축 해제: ExerciseOutput1-ExternalEnvironment.rvi... 100%
압축 해제: ExerciseOutput1.idf... 100%
압축 해제: ExerciseOutput1A-Loads-Solution.rvi... 100%
압축 해제: ExerciseOutput1A-Solution.idf... 100%
압축 해제: ExerciseOutput1B-EnergyEndUse-Solution.mvi... 100%
대상 폴더: C:\EnergyPlusV8-1-0\ExampleFiles\BasicsFiles
압축 해제: AdultEducationCenter.idf... 100%
압축 해제: Exercise1A.idf... 100%
압축 해제: Exercise1B-Solution.idf... 100%
압축 해제: Exercise1C-Solution.idf... 100%
압축 해제: Exercise1D-Solution.idf... 100%
압축 해제: Exercise2.idf... 100%
압축 해제: Exercise2A-Solution.idf... 100%
압축 해제: Exercise2B-Solution.idf... 100%
압축 해제: Exercise2C-Solution.idf... 100%
대상 폴더: C:\EnergyPlusV8-1-0\MacroDataSets
압축 해제: Locations-DesignDays.xls... 100%
압축 해제: SandiaPVdata.imf... 100%
압축 해제: SolarCollectors.imf... 100%
압축 해제: UtilityTariffObjects.imf... 100%
대상 폴더: C:\EnergyPlusV8-1-0\PostProcess
압축 해제: CSVproc.exe... 100%
압축 해제: HVAC-Diagram.exe... 100%
압축 해제: ReadVarsESO.exe... 100%
압축 해제: RunReadESO.bat... 100%
대상 폴더: C:\EnergyPlusV8-1-0\PostProcess\AppGPostProcess
압축 해제: appgpostprocess.exe... 100%
대상 폴더: C:\EnergyPlusV8-1-0\PostProcess\EP-Compare
압축 해제: EP-Compare.exe... 100%
압축 해제: GraphHints.csv... 100%
대상 폴더: C:\EnergyPlusV8-1-0\PostProcess\EP-Compare\EP-Compare Libs
압축 해제: Appearance Pak.dll... 100%
압축 해제: EHInterfaces5001.dll... 100%
압축 해제: EHObjectArray5001.dll... 100%
압축 해제: EHObjectCollection5001.dll... 100%
압축 해제: EHTreeView4301.DLL... 100%
압축 해제: MBSChartDirector5Plugin16042.dll... 100%
대상 폴더: C:\EnergyPlusV8-1-0\PostProcess\convertESOMTRpgm
압축 해제: convert.txt... 100%
압축 해제: convertESOMTR.exe... 100%
대상 폴더: C:\EnergyPlusV8-1-0\PreProcess
대상 폴더: C:\EnergyPlusV8-1-0\PreProcess\BLASTTranslator
압축 해제: BLASTTranslator.txt... 100%
대상 폴더: C:\EnergyPlusV8-1-0\PreProcess\CalcSoilSurfTemp
압축 해제: CalcSoilSurfTemp.exe... 100%
압축 해제: CalcSoilSurfTemp.out... 100%
압축 해제: RunCalcSoilSurfTemp.bat... 100%
대상 폴더: C:\EnergyPlusV8-1-0\PreProcess\CoeffConv
압축 해제: CoeffCheck.exe... 100%
압축 해제: CoeffCheckExample.cci... 100%
압축 해제: CoeffConv.exe... 100%
압축 해제: CoeffConvExample.coi... 100%
압축 해제: EPL-Check.BAT... 100%
압축 해제: EPL-Conv.BAT... 100%
압축 해제: ReadMe.txt... 100%
대상 폴더: C:\EnergyPlusV8-1-0\PreProcess\DOE2Translator
압축 해제: DOE2Translator.txt... 100%
대상 폴더: C:\EnergyPlusV8-1-0\PreProcess\EPDraw
압축 해제: EPDrawGUI.exe... 100%
압축 해제: EPlusDrw.dll... 100%
압축 해제: libifcoremd.dll... 100%
압축 해제: libifportmd.dll... 100%
압축 해제: libmmd.dll... 100%
압축 해제: svml_dispmd.dll... 100%
대상 폴더: C:\EnergyPlusV8-1-0\PreProcess\EPDraw\EPDrawGUI Libs
압축 해제: Appearance Pak.dll... 100%
압축 해제: Shell.dll... 100%
대상 폴더: C:\EnergyPlusV8-1-0\PreProcess\FMUParser
압축 해제: epexpat.dll... 100%
압축 해제: parser.exe... 100%
대상 폴더: C:\EnergyPlusV8-1-0\PreProcess\GrndTempCalc
압축 해제: Basement.exe... 100%
압축 해제: BasementExample.idf... 100%
압축 해제: BasementGHT.idd... 100%
압축 해제: RunBasement.bat... 100%
압축 해제: RunSlab.bat... 100%
압축 해제: Slab.exe... 100%
압축 해제: SlabExample.idf... 100%
압축 해제: SlabGHT.idd... 100%
압축 해제: basementexample.audit... 100%
압축 해제: basementexample.csv... 100%
압축 해제: basementexample.out... 100%
압축 해제: basementexample_out.idf... 100%
압축 해제: slabexample.ger... 100%
압축 해제: slabexample.gtp... 100%
대상 폴더: C:\EnergyPlusV8-1-0\PreProcess\HVACCurveFitTool
압축 해제: CurveFitTool.xlsm... 100%
대상 폴더: C:\EnergyPlusV8-1-0\PreProcess\IDFEditor
압축 해제: IDFEditor.exe... 100%
대상 폴더: C:\EnergyPlusV8-1-0\PreProcess\IDFVersionUpdater
압축 해제: IDFVersionUpdater.exe... 100%
압축 해제: Report Variables 8-0-0-007 to 8-1-0.csv... 100%
압축 해제: Transition-V8-0-0-to-V8-1-0.exe... 100%
압축 해제: V8-0-0-Energy+.idd... 100%
압축 해제: V8-1-0-Energy+.idd... 100%
대상 폴더: C:\EnergyPlusV8-1-0\PreProcess\IDFVersionUpdater\IDFVersionUpdater Libs
압축 해제: Appearance Pak.dll... 100%
압축 해제: Shell.dll... 100%
대상 폴더: C:\EnergyPlusV8-1-0\PreProcess\ParametricPreProcessor
압축 해제: RunParam.bat... 100%
압축 해제: parametricpreprocessor.exe... 100%
대상 폴더: C:\EnergyPlusV8-1-0\PreProcess\ParametricSpreadsheets
압축 해제: ParametricSpreadsheets.txt... 100%
대상 폴더: C:\EnergyPlusV8-1-0\PreProcess\ViewFactorCalculation
압축 해제: View3D.exe... 100%
압축 해제: View3D32.pdf... 100%
압축 해제: ViewFactorInterface.xls... 100%
압축 해제: readme.txt... 100%
대상 폴더: C:\EnergyPlusV8-1-0\PreProcess\WeatherConverter
압축 해제: ASHRAE_2013_Monthly_DesignConditions.csv... 100%
압축 해제: ASHRAE_2013_OtherMonthly_DesignConditions.csv... 100%
압축 해제: ASHRAE_2013_Yearly_DesignConditions.csv... 100%
압축 해제: Abbreviations.csv... 100%
압축 해제: Cal Climate Zone Lat Long data.csv... 100%
압축 해제: CountryCodes.txt... 100%
압축 해제: EPlusWth.dll... 100%
압축 해제: TimeZoneCodes.txt... 100%
압축 해제: WBANLocations.csv... 100%
압축 해제: Weather.exe... 100%
압축 해제: libifcoremd.dll... 100%
압축 해제: libifportmd.dll... 100%
압축 해제: libmmd.dll... 100%
압축 해제: svml_dispmd.dll... 100%
대상 폴더: C:\EnergyPlusV8-1-0\Temp
압축 해제: ComDlg32.OCX... 100%
압축 해제: Dforrt.dll... 100%
압축 해제: Graph32.ocx... 100%
압축 해제: Gsw32.exe... 100%
압축 해제: Gswdll32.dll... 100%
압축 해제: MSCOMCTL.OCX... 100%
압축 해제: MSINET.OCX... 100%
압축 해제: Msflxgrd.ocx... 100%
압축 해제: Msvcrtd.dll... 100%
압축 해제: Vsflex7L.ocx... 100%
대상 폴더: C:\EnergyPlusV8-1-0\WeatherData
압축 해제: USA_CA_San.Francisco.Intl.AP.724940_TMY3.ddy... 100%
압축 해제: USA_CA_San.Francisco.Intl.AP.724940_TMY3.epw... 100%
압축 해제: USA_CA_San.Francisco.Intl.AP.724940_TMY3.stat... 100%
압축 해제: USA_CO_Golden-NREL.724666_TMY3.ddy... 100%
압축 해제: USA_CO_Golden-NREL.724666_TMY3.epw... 100%
압축 해제: USA_CO_Golden-NREL.724666_TMY3.stat... 100%
압축 해제: USA_FL_Tampa.Intl.AP.722110_TMY3.ddy... 100%
압축 해제: USA_FL_Tampa.Intl.AP.722110_TMY3.epw... 100%
압축 해제: USA_FL_Tampa.Intl.AP.722110_TMY3.stat... 100%
압축 해제: USA_IL_Chicago-OHare.Intl.AP.725300_TMY3.ddy... 100%
압축 해제: USA_IL_Chicago-OHare.Intl.AP.725300_TMY3.epw... 100%
압축 해제: USA_IL_Chicago-OHare.Intl.AP.725300_TMY3.stat... 100%
압축 해제: USA_VA_Sterling-Washington.Dulles.Intl.AP.724030_TMY3.ddy... 100%
압축 해제: USA_VA_Sterling-Washington.Dulles.Intl.AP.724030_TMY3.epw... 100%
압축 해제: USA_VA_Sterling-Washington.Dulles.Intl.AP.724030_TMY3.stat... 100%
대상 폴더: C:\EnergyPlusV8-1-0
언인스톨러 생성: C:\EnergyPlusV8-1-0\Uninstall.exe
Set install registry entry: 'DisplayName' to 'EnergyPlusV8-1-0'
Set install registry entry: 'DisplayVersion' to '8.1.0'
Set install registry entry: 'Publisher' to 'US Department of Energy'
Set install registry entry: 'UninstallString' to 'C:\EnergyPlusV8-1-0\Uninstall.exe'
Set install registry entry: 'NoRepair' to '0x1'
Set install registry entry: 'NoModify' to '0x1'
Set install registry entry: 'DisplayIcon' to 'C:\EnergyPlusV8-1-0\'
Set install registry entry: 'EstimatedSize' to '0x0004CE32'
폴더 생성: C:\ProgramData\Microsoft\Windows\Start Menu\Programs\EnergyPlus V8-1 Programs
바로 가기 생성: C:\ProgramData\Microsoft\Windows\Start Menu\Programs\EnergyPlus V8-1 Programs\Addressed Issues V8.1.lnk
바로 가기 생성: C:\ProgramData\Microsoft\Windows\Start Menu\Programs\EnergyPlus V8-1 Programs\EnergyPlus Documentation Main Menu.lnk
바로 가기 생성: C:\ProgramData\Microsoft\Windows\Start Menu\Programs\EnergyPlus V8-1 Programs\Enhancement List Items V8.1.lnk
바로 가기 생성: C:\ProgramData\Microsoft\Windows\Start Menu\Programs\EnergyPlus V8-1 Programs\EP-Compare.lnk
바로 가기 생성: C:\ProgramData\Microsoft\Windows\Start Menu\Programs\EnergyPlus V8-1 Programs\EPDrawGUI.lnk
바로 가기 생성: C:\ProgramData\Microsoft\Windows\Start Menu\Programs\EnergyPlus V8-1 Programs\EP-Launch.lnk
바로 가기 생성: C:\ProgramData\Microsoft\Windows\Start Menu\Programs\EnergyPlus V8-1 Programs\Example Files Summary Spreadsheet.lnk
바로 가기 생성: C:\ProgramData\Microsoft\Windows\Start Menu\Programs\EnergyPlus V8-1 Programs\ExampleFiles Link to Objects.lnk
바로 가기 생성: C:\ProgramData\Microsoft\Windows\Start Menu\Programs\EnergyPlus V8-1 Programs\IDFEditor.lnk
바로 가기 생성: C:\ProgramData\Microsoft\Windows\Start Menu\Programs\EnergyPlus V8-1 Programs\IDFVersionUpdater.lnk
바로 가기 생성: C:\ProgramData\Microsoft\Windows\Start Menu\Programs\EnergyPlus V8-1 Programs\Known Issues V8.1.lnk
바로 가기 생성: C:\ProgramData\Microsoft\Windows\Start Menu\Programs\EnergyPlus V8-1 Programs\Readme Notes.lnk
바로 가기 생성: C:\ProgramData\Microsoft\Windows\Start Menu\Programs\EnergyPlus V8-1 Programs\Uninstall EnergyPlus.lnk
바로 가기 생성: C:\ProgramData\Microsoft\Windows\Start Menu\Programs\EnergyPlus V8-1 Programs\Weather Statistics and Conversions.lnk
Set install registry entry: 'StartMenu' to 'EnergyPlus V8-1 Programs'
불러올 수 없음: C:\EnergyPlusV8-1-0\PostProcess\convertESOMTRpgm\convertESOMTR.exe
심볼을 찾을 수 없음: DllRegisterServer
파일 복사 C:\WINDOWS\SysWOW64\MSCOMCTL.OCX
파일 복사 C:\WINDOWS\SysWOW64\ComDlg32.OCX
파일 복사 C:\WINDOWS\SysWOW64\Msvcrtd.dll
파일 복사 C:\WINDOWS\SysWOW64\Dforrt.dll
파일 복사 C:\WINDOWS\SysWOW64\Gswdll32.dll
파일 복사 C:\WINDOWS\SysWOW64\Gsw32.exe
파일 복사 C:\WINDOWS\SysWOW64\Graph32.ocx
파일 복사 C:\WINDOWS\SysWOW64\MSINET.OCX
파일 복사 C:\WINDOWS\SysWOW64\Vsflex7L.ocx
파일 복사 C:\WINDOWS\SysWOW64\Msflxgrd.ocx
등록중: C:\WINDOWS\SysWOW64\MSCOMCTL.OCX
등록중: C:\WINDOWS\SysWOW64\ComDlg32.OCX
등록중: C:\WINDOWS\SysWOW64\Graph32.ocx
등록중: C:\WINDOWS\SysWOW64\MSINET.OCX
등록중: C:\WINDOWS\SysWOW64\Vsflex7L.ocx
등록중: C:\WINDOWS\SysWOW64\Msflxgrd.ocx
파일 삭제: C:\EnergyPlusV8-1-0\Temp\ComDlg32.OCX
파일 삭제: C:\EnergyPlusV8-1-0\Temp\Dforrt.dll
파일 삭제: C:\EnergyPlusV8-1-0\Temp\Graph32.ocx
파일 삭제: C:\EnergyPlusV8-1-0\Temp\Gsw32.exe
파일 삭제: C:\EnergyPlusV8-1-0\Temp\Gswdll32.dll
파일 삭제: C:\EnergyPlusV8-1-0\Temp\MSCOMCTL.OCX
파일 삭제: C:\EnergyPlusV8-1-0\Temp\Msflxgrd.ocx
파일 삭제: C:\EnergyPlusV8-1-0\Temp\MSINET.OCX
파일 삭제: C:\EnergyPlusV8-1-0\Temp\Msvcrtd.dll
파일 삭제: C:\EnergyPlusV8-1-0\Temp\Vsflex7L.ocx
폴더 삭제: C:\EnergyPlusV8-1-0\Temp\
파일 삭제: C:\EnergyPlusV8-1-0\ExampleFiles\AbsorptionChiller_Macro.imf
파일 복사 C:\EnergyPlusV8-1-0\ExampleFiles\AbsorptionChiller_Macro.imf
파일 삭제: C:\Users\LMH\AppData\Local\Temp\nsjFCE5.tmp
